INFO 2025-09-07 12:33:45,946 manager_api 9868 14772 Testing Manager.io API connection...
INFO 2025-09-07 12:33:45,947 manager_api 9868 14772 Making GET request to: https://esourcingbd.ap-southeast-1.manager.io/api2/inventory-items
INFO 2025-09-07 12:33:46,391 manager_api 9868 14772 Response status: 401
ERROR 2025-09-07 12:33:46,391 manager_api 9868 14772 401 Unauthorized - Check your Manager.io API key
ERROR 2025-09-07 12:33:46,668 sync_manager 9868 14772 Product sync failed: Failed to connect to Manager.io API. Check your credentials.
INFO 2025-09-07 12:34:03,589 autoreload 14764 2276 Watching for file changes with StatReloader
INFO 2025-09-07 12:34:13,117 basehttp 14764 13548 "GET / HTTP/1.1" 302 0
INFO 2025-09-07 12:34:13,314 basehttp 14764 13548 "GET /login/?next=/ HTTP/1.1" 200 4204
WARNING 2025-09-07 12:34:14,355 log 14764 6276 Not Found: /favicon.ico
WARNING 2025-09-07 12:34:14,357 basehttp 14764 6276 "GET /favicon.ico HTTP/1.1" 404 8724
INFO 2025-09-07 12:34:28,485 basehttp 14764 2076 "POST /login/?next=/ HTTP/1.1" 302 0
INFO 2025-09-07 12:34:28,887 basehttp 14764 2076 "GET / HTTP/1.1" 200 16361
INFO 2025-09-07 12:34:45,123 basehttp 14764 9772 "GET /contacts/ HTTP/1.1" 200 11810
INFO 2025-09-07 12:34:51,091 basehttp 14764 9772 "GET /companies/ HTTP/1.1" 200 0
INFO 2025-09-07 12:34:57,227 basehttp 14764 15400 "GET /leads/ HTTP/1.1" 200 12338
INFO 2025-09-07 12:34:59,571 basehttp 14764 15400 "GET /products/ HTTP/1.1" 200 14117
INFO 2025-09-07 12:35:03,683 basehttp 14764 15400 "GET /activities/ HTTP/1.1" 200 0
INFO 2025-09-07 12:35:26,898 basehttp 14764 7324 "GET /activities/ HTTP/1.1" 200 0
ERROR 2025-09-07 12:35:32,477 log 14764 7324 Internal Server Error: /stakeholders/
Traceback (most recent call last):
  File "C:\Users\mshaf\OneDrive\Desktop\sisl\sisl_crm\venv\Lib\site-packages\django\core\handlers\exception.py", line 55, in inner
    response = get_response(request)
               ^^^^^^^^^^^^^^^^^^^^^
  File "C:\Users\mshaf\OneDrive\Desktop\sisl\sisl_crm\venv\Lib\site-packages\django\core\handlers\base.py", line 197, in _get_response
    response = wrapped_callback(request, *callback_args, **callback_kwargs)
               ^^^^^^^^^^^^^^^^^^^^^^^^^^^^^^^^^^^^^^^^^^^^^^^^^^^^^^^^^^^^
  File "C:\Users\mshaf\OneDrive\Desktop\sisl\sisl_crm\venv\Lib\site-packages\django\views\generic\base.py", line 104, in view
    return self.dispatch(request, *args, **kwargs)
           ^^^^^^^^^^^^^^^^^^^^^^^^^^^^^^^^^^^^^^^
  File "C:\Users\mshaf\OneDrive\Desktop\sisl\sisl_crm\venv\Lib\site-packages\django\contrib\auth\mixins.py", line 73, in dispatch
    return super().dispatch(request, *args, **kwargs)
           ^^^^^^^^^^^^^^^^^^^^^^^^^^^^^^^^^^^^^^^^^^
  File "C:\Users\mshaf\OneDrive\Desktop\sisl\sisl_crm\venv\Lib\site-packages\django\views\generic\base.py", line 143, in dispatch
    return handler(request, *args, **kwargs)
           ^^^^^^^^^^^^^^^^^^^^^^^^^^^^^^^^^
  File "C:\Users\mshaf\OneDrive\Desktop\sisl\sisl_crm\venv\Lib\site-packages\django\views\generic\list.py", line 174, in get
    context = self.get_context_data()
              ^^^^^^^^^^^^^^^^^^^^^^^
  File "C:\Users\mshaf\OneDrive\Desktop\sisl\sisl_crm\crm\views.py", line 1005, in get_context_data
    context['stakeholder_types'] = StakeholderType.objects.filter(is_active=True)
                                   ^^^^^^^^^^^^^^^
NameError: name 'StakeholderType' is not defined
ERROR 2025-09-07 12:35:32,483 basehttp 14764 7324 "GET /stakeholders/ HTTP/1.1" 500 91815
INFO 2025-09-07 12:35:35,878 basehttp 14764 14136 "GET /admin/ HTTP/1.1" 200 12996
INFO 2025-09-07 12:35:35,969 basehttp 14764 14136 "GET /static/admin/css/nav_sidebar.css HTTP/1.1" 200 2694
INFO 2025-09-07 12:35:35,971 basehttp 14764 12392 "GET /static/admin/css/responsive.css HTTP/1.1" 200 18557
INFO 2025-09-07 12:35:35,997 basehttp 14764 2444 "GET /static/admin/css/dark_mode.css HTTP/1.1" 200 2929
INFO 2025-09-07 12:35:35,998 basehttp 14764 6812 "GET /static/admin/css/dashboard.css HTTP/1.1" 200 441
INFO 2025-09-07 12:35:35,998 basehttp 14764 15932 "GET /static/admin/css/base.css HTTP/1.1" 200 21207
INFO 2025-09-07 12:35:36,079 basehttp 14764 14136 "GET /static/admin/js/nav_sidebar.js HTTP/1.1" 200 3063
INFO 2025-09-07 12:35:36,091 basehttp 14764 2444 "GET /static/admin/img/icon-viewlink.svg HTTP/1.1" 200 581
INFO 2025-09-07 12:35:36,164 basehttp 14764 6812 "GET /static/admin/img/icon-changelink.svg HTTP/1.1" 200 380
INFO 2025-09-07 12:35:36,176 basehttp 14764 8076 "GET /static/admin/js/theme.js HTTP/1.1" 200 1943
INFO 2025-09-07 12:35:36,195 basehttp 14764 15932 "GET /static/admin/img/icon-addlink.svg HTTP/1.1" 200 331
INFO 2025-09-07 12:35:58,111 basehttp 14764 12092 "GET /contacts/ HTTP/1.1" 200 11810
INFO 2025-09-07 12:36:10,364 basehttp 14764 13852 "GET /contacts/create/ HTTP/1.1" 200 22768
INFO 2025-09-07 12:36:49,891 basehttp 14764 16024 "GET /leads/ HTTP/1.1" 200 12338
INFO 2025-09-07 12:36:54,638 basehttp 14764 16024 "GET /leads/create/ HTTP/1.1" 200 31846
INFO 2025-09-07 12:39:31,005 basehttp 14764 16024 "GET / HTTP/1.1" 200 16361
INFO 2025-09-07 12:39:33,399 basehttp 14764 16024 "GET /admin/ HTTP/1.1" 200 12996
INFO 2025-09-07 12:40:00,271 basehttp 14764 16024 "GET /contacts/ HTTP/1.1" 200 11810
INFO 2025-09-07 12:40:03,123 basehttp 14764 16024 "GET /contacts/create/ HTTP/1.1" 200 22768
INFO 2025-09-07 12:40:20,571 basehttp 14764 16024 "GET /admin/crm/designation/add/ HTTP/1.1" 200 14865
INFO 2025-09-07 12:40:20,665 basehttp 14764 16024 "GET /static/admin/css/forms.css HTTP/1.1" 200 8953
INFO 2025-09-07 12:40:20,680 basehttp 14764 14968 "GET /static/admin/js/jquery.init.js HTTP/1.1" 200 347
INFO 2025-09-07 12:40:20,751 basehttp 14764 8028 "GET /static/admin/js/urlify.js HTTP/1.1" 200 7887
INFO 2025-09-07 12:40:20,751 basehttp 14764 14120 "GET /admin/jsi18n/ HTTP/1.1" 200 3343
INFO 2025-09-07 12:40:20,776 basehttp 14764 14968 "GET /static/admin/css/widgets.css HTTP/1.1" 200 11952
INFO 2025-09-07 12:40:20,783 basehttp 14764 520 "GET /static/admin/js/core.js HTTP/1.1" 200 5682
INFO 2025-09-07 12:40:20,866 basehttp 14764 520 "GET /static/admin/js/prepopulate.js HTTP/1.1" 200 1531
INFO 2025-09-07 12:40:20,901 basehttp 14764 16076 "GET /static/admin/js/actions.js HTTP/1.1" 200 7872
INFO 2025-09-07 12:40:20,927 basehttp 14764 14968 "GET /static/admin/js/prepopulate_init.js HTTP/1.1" 200 586
INFO 2025-09-07 12:40:20,968 basehttp 14764 14120 "GET /static/admin/js/admin/RelatedObjectLookups.js HTTP/1.1" 200 8943
INFO 2025-09-07 12:40:21,024 basehttp 14764 8028 "GET /static/admin/js/vendor/xregexp/xregexp.js HTTP/1.1" 200 232381
INFO 2025-09-07 12:40:21,082 basehttp 14764 8028 "GET /static/admin/js/change_form.js HTTP/1.1" 200 606
INFO 2025-09-07 12:40:21,164 basehttp 14764 16024 "GET /static/admin/js/vendor/jquery/jquery.js HTTP/1.1" 200 292458
INFO 2025-09-07 12:41:37,448 basehttp 14764 16024 "POST /admin/crm/designation/add/ HTTP/1.1" 302 0
INFO 2025-09-07 12:41:37,771 basehttp 14764 16024 "GET /admin/crm/designation/ HTTP/1.1" 200 16429
INFO 2025-09-07 12:41:37,900 basehttp 14764 8028 "GET /static/admin/img/search.svg HTTP/1.1" 200 458
INFO 2025-09-07 12:41:37,901 basehttp 14764 14120 "GET /static/admin/css/changelists.css HTTP/1.1" 200 6584
INFO 2025-09-07 12:41:37,906 basehttp 14764 16024 "GET /admin/jsi18n/ HTTP/1.1" 200 3343
INFO 2025-09-07 12:41:38,045 basehttp 14764 14120 "GET /static/admin/img/tooltag-add.svg HTTP/1.1" 200 331
INFO 2025-09-07 12:41:38,047 basehttp 14764 8028 "GET /static/admin/img/icon-yes.svg HTTP/1.1" 200 436
INFO 2025-09-07 12:41:38,059 basehttp 14764 14968 "GET /static/admin/img/sorting-icons.svg HTTP/1.1" 200 1097
INFO 2025-09-07 12:41:38,088 basehttp 14764 16024 "GET /static/admin/js/filters.js HTTP/1.1" 200 978
INFO 2025-09-07 12:41:46,336 basehttp 14764 16024 "GET /contacts/create/ HTTP/1.1" 200 22824
INFO 2025-09-07 12:42:02,137 basehttp 14764 16024 "POST /admin/crm/designation/ HTTP/1.1" 302 0
INFO 2025-09-07 12:42:02,225 basehttp 14764 16024 "GET /admin/crm/designation/ HTTP/1.1" 200 16205
INFO 2025-09-07 12:42:02,315 basehttp 14764 16024 "GET /admin/jsi18n/ HTTP/1.1" 200 3343
INFO 2025-09-07 12:42:08,499 basehttp 14764 16024 "GET /admin/crm/designation/add/ HTTP/1.1" 200 14865
INFO 2025-09-07 12:42:08,585 basehttp 14764 16024 "GET /admin/jsi18n/ HTTP/1.1" 200 3343
INFO 2025-09-07 12:42:54,504 basehttp 14764 16024 "POST /admin/crm/designation/add/ HTTP/1.1" 302 0
INFO 2025-09-07 12:42:54,618 basehttp 14764 16024 "GET /admin/crm/designation/ HTTP/1.1" 200 17028
INFO 2025-09-07 12:42:54,733 basehttp 14764 16024 "GET /admin/jsi18n/ HTTP/1.1" 200 3343
INFO 2025-09-07 12:43:03,424 basehttp 14764 16024 "GET /admin/crm/designation/add/ HTTP/1.1" 200 14865
INFO 2025-09-07 12:43:03,506 basehttp 14764 16024 "GET /admin/jsi18n/ HTTP/1.1" 200 3343
INFO 2025-09-07 12:43:26,617 basehttp 14764 16024 "POST /admin/crm/designation/add/ HTTP/1.1" 302 0
INFO 2025-09-07 12:43:26,916 basehttp 14764 16024 "GET /admin/crm/designation/ HTTP/1.1" 200 17617
INFO 2025-09-07 12:43:27,015 basehttp 14764 16024 "GET /admin/jsi18n/ HTTP/1.1" 200 3343
INFO 2025-09-07 12:43:32,628 basehttp 14764 16024 "GET /contacts/create/ HTTP/1.1" 200 22913
INFO 2025-09-07 12:43:46,994 basehttp 14764 16024 "GET /admin/crm/company/ HTTP/1.1" 200 16676
INFO 2025-09-07 12:43:47,089 basehttp 14764 16024 "GET /admin/jsi18n/ HTTP/1.1" 200 3343
INFO 2025-09-07 12:44:07,566 basehttp 14764 16024 "GET /admin/crm/company/add/ HTTP/1.1" 200 26947
INFO 2025-09-07 12:44:07,674 basehttp 14764 8028 "GET /static/admin/img/icon-deletelink.svg HTTP/1.1" 200 392
INFO 2025-09-07 12:44:07,681 basehttp 14764 16024 "GET /admin/jsi18n/ HTTP/1.1" 200 3343
INFO 2025-09-07 12:44:07,709 basehttp 14764 14968 "GET /static/admin/js/collapse.js HTTP/1.1" 200 1803
INFO 2025-09-07 12:44:23,245 basehttp 14764 14968 "GET /admin/crm/industry/add/?_to_field=id&_popup=1 HTTP/1.1" 200 5565
INFO 2025-09-07 12:44:23,328 basehttp 14764 14968 "GET /admin/jsi18n/ HTTP/1.1" 200 3343
INFO 2025-09-07 12:44:32,817 basehttp 14764 14968 "POST /admin/crm/industry/add/?_to_field=id&_popup=1 HTTP/1.1" 200 324
INFO 2025-09-07 12:44:32,904 basehttp 14764 14968 "GET /static/admin/js/popup_response.js HTTP/1.1" 200 551
INFO 2025-09-07 12:45:06,228 basehttp 14764 14968 "GET /admin/crm/zone/add/?_to_field=id&_popup=1 HTTP/1.1" 200 5523
INFO 2025-09-07 12:45:06,321 basehttp 14764 14968 "GET /admin/jsi18n/ HTTP/1.1" 200 3343
INFO 2025-09-07 12:45:21,871 basehttp 14764 11700 "POST /admin/crm/zone/add/?_to_field=id&_popup=1 HTTP/1.1" 200 335
INFO 2025-09-07 12:45:42,092 basehttp 14764 11700 "POST /admin/crm/company/add/ HTTP/1.1" 302 0
INFO 2025-09-07 12:45:42,232 basehttp 14764 11700 "GET /admin/crm/company/ HTTP/1.1" 200 17590
INFO 2025-09-07 12:45:42,335 basehttp 14764 11700 "GET /admin/jsi18n/ HTTP/1.1" 200 3343
INFO 2025-09-07 12:46:18,091 basehttp 14764 13012 "GET /admin/crm/contact/ HTTP/1.1" 200 13758
INFO 2025-09-07 12:46:18,185 basehttp 14764 13012 "GET /admin/jsi18n/ HTTP/1.1" 200 3343
INFO 2025-09-07 12:46:21,443 basehttp 14764 13012 "GET /admin/crm/contact/add/ HTTP/1.1" 200 40590
INFO 2025-09-07 12:46:21,559 basehttp 14764 15416 "GET /static/admin/css/autocomplete.css HTTP/1.1" 200 9114
INFO 2025-09-07 12:46:21,596 basehttp 14764 13012 "GET /admin/jsi18n/ HTTP/1.1" 200 3343
INFO 2025-09-07 12:46:21,610 basehttp 14764 10000 "GET /static/admin/css/vendor/select2/select2.css HTTP/1.1" 200 17358
INFO 2025-09-07 12:46:21,602 basehttp 14764 2944 "GET /static/admin/js/autocomplete.js HTTP/1.1" 200 1060
INFO 2025-09-07 12:46:21,623 basehttp 14764 11452 "GET /static/admin/js/SelectBox.js HTTP/1.1" 200 4530
INFO 2025-09-07 12:46:21,746 basehttp 14764 15416 "GET /static/admin/js/SelectFilter2.js HTTP/1.1" 200 15292
INFO 2025-09-07 12:46:21,755 basehttp 14764 13012 "GET /static/admin/js/vendor/select2/i18n/en.js HTTP/1.1" 200 844
INFO 2025-09-07 12:46:21,756 basehttp 14764 2944 "GET /static/admin/js/admin/DateTimeShortcuts.js HTTP/1.1" 200 19319
INFO 2025-09-07 12:46:21,852 basehttp 14764 10000 "GET /static/admin/js/calendar.js HTTP/1.1" 200 8466
INFO 2025-09-07 12:46:21,854 basehttp 14764 11452 "GET /static/admin/js/inlines.js HTTP/1.1" 200 15526
INFO 2025-09-07 12:46:21,896 basehttp 14764 6512 "GET /static/admin/js/vendor/select2/select2.full.js HTTP/1.1" 200 173566
INFO 2025-09-07 12:46:22,177 basehttp 14764 6512 "GET /static/admin/img/icon-unknown.svg HTTP/1.1" 200 655
INFO 2025-09-07 12:46:22,180 basehttp 14764 11452 "GET /static/admin/img/icon-unknown-alt.svg HTTP/1.1" 200 655
INFO 2025-09-07 12:46:22,181 basehttp 14764 10000 "GET /static/admin/img/selector-icons.svg HTTP/1.1" 200 3291
INFO 2025-09-07 12:46:47,175 basehttp 14764 10000 "GET /admin/crm/contactstatus/ HTTP/1.1" 200 12917
INFO 2025-09-07 12:46:47,302 basehttp 14764 10000 "GET /admin/jsi18n/ HTTP/1.1" 200 3343
INFO 2025-09-07 12:46:50,009 basehttp 14764 10000 "GET /admin/crm/contactstatus/add/ HTTP/1.1" 200 14912
INFO 2025-09-07 12:46:50,100 basehttp 14764 10000 "GET /admin/jsi18n/ HTTP/1.1" 200 3343
INFO 2025-09-07 12:48:23,882 basehttp 14764 7396 "POST /admin/crm/contactstatus/add/ HTTP/1.1" 302 0
INFO 2025-09-07 12:48:23,996 basehttp 14764 7396 "GET /admin/crm/contactstatus/ HTTP/1.1" 200 15612
INFO 2025-09-07 12:48:24,095 basehttp 14764 7396 "GET /admin/jsi18n/ HTTP/1.1" 200 3343
INFO 2025-09-07 12:48:30,434 basehttp 14764 7396 "GET /admin/crm/contactstatus/add/ HTTP/1.1" 200 14912
INFO 2025-09-07 12:48:30,527 basehttp 14764 7396 "GET /admin/jsi18n/ HTTP/1.1" 200 3343
INFO 2025-09-07 12:48:47,746 basehttp 14764 7396 "POST /admin/crm/contactstatus/add/ HTTP/1.1" 302 0
INFO 2025-09-07 12:48:47,844 basehttp 14764 7396 "GET /admin/crm/contactstatus/ HTTP/1.1" 200 16358
INFO 2025-09-07 12:48:47,958 basehttp 14764 7396 "GET /admin/jsi18n/ HTTP/1.1" 200 3343
INFO 2025-09-07 12:48:53,983 basehttp 14764 7396 "GET /admin/crm/contactstatus/add/ HTTP/1.1" 200 14912
INFO 2025-09-07 12:48:54,077 basehttp 14764 7396 "GET /admin/jsi18n/ HTTP/1.1" 200 3343
INFO 2025-09-07 12:49:04,417 basehttp 14764 7396 "POST /admin/crm/contactstatus/add/ HTTP/1.1" 302 0
INFO 2025-09-07 12:49:04,538 basehttp 14764 7396 "GET /admin/crm/contactstatus/ HTTP/1.1" 200 17102
INFO 2025-09-07 12:49:04,640 basehttp 14764 7396 "GET /admin/jsi18n/ HTTP/1.1" 200 3343
INFO 2025-09-07 12:49:15,330 basehttp 14764 7396 "GET /contacts/create/ HTTP/1.1" 200 23203
INFO 2025-09-07 12:49:40,180 basehttp 14764 7396 "POST /api/contacts/check-duplicate/ HTTP/1.1" 200 18
INFO 2025-09-07 12:49:46,935 basehttp 14764 13020 "POST /api/contacts/check-duplicate/ HTTP/1.1" 200 18
INFO 2025-09-07 12:50:24,563 basehttp 14764 16456 "GET /admin/crm/zone/ HTTP/1.1" 200 15234
INFO 2025-09-07 12:50:24,774 basehttp 14764 16456 "GET /admin/jsi18n/ HTTP/1.1" 200 3343
ERROR 2025-09-07 12:50:37,783 log 14764 16456 Internal Server Error: /contacts/create/
Traceback (most recent call last):
  File "C:\Users\mshaf\OneDrive\Desktop\sisl\sisl_crm\venv\Lib\site-packages\django\core\handlers\exception.py", line 55, in inner
    response = get_response(request)
               ^^^^^^^^^^^^^^^^^^^^^
  File "C:\Users\mshaf\OneDrive\Desktop\sisl\sisl_crm\venv\Lib\site-packages\django\core\handlers\base.py", line 197, in _get_response
    response = wrapped_callback(request, *callback_args, **callback_kwargs)
               ^^^^^^^^^^^^^^^^^^^^^^^^^^^^^^^^^^^^^^^^^^^^^^^^^^^^^^^^^^^^
  File "C:\Users\mshaf\OneDrive\Desktop\sisl\sisl_crm\venv\Lib\site-packages\django\views\generic\base.py", line 104, in view
    return self.dispatch(request, *args, **kwargs)
           ^^^^^^^^^^^^^^^^^^^^^^^^^^^^^^^^^^^^^^^
  File "C:\Users\mshaf\OneDrive\Desktop\sisl\sisl_crm\venv\Lib\site-packages\django\contrib\auth\mixins.py", line 73, in dispatch
    return super().dispatch(request, *args, **kwargs)
           ^^^^^^^^^^^^^^^^^^^^^^^^^^^^^^^^^^^^^^^^^^
  File "C:\Users\mshaf\OneDrive\Desktop\sisl\sisl_crm\venv\Lib\site-packages\django\views\generic\base.py", line 143, in dispatch
    return handler(request, *args, **kwargs)
           ^^^^^^^^^^^^^^^^^^^^^^^^^^^^^^^^^
  File "C:\Users\mshaf\OneDrive\Desktop\sisl\sisl_crm\venv\Lib\site-packages\django\views\generic\edit.py", line 184, in post
    return super().post(request, *args, **kwargs)
           ^^^^^^^^^^^^^^^^^^^^^^^^^^^^^^^^^^^^^^
  File "C:\Users\mshaf\OneDrive\Desktop\sisl\sisl_crm\venv\Lib\site-packages\django\views\generic\edit.py", line 153, in post
    return self.form_valid(form)
           ^^^^^^^^^^^^^^^^^^^^^
  File "C:\Users\mshaf\OneDrive\Desktop\sisl\sisl_crm\crm\views.py", line 221, in form_valid
    log_audit_trail(
  File "C:\Users\mshaf\OneDrive\Desktop\sisl\sisl_crm\crm\utils.py", line 16, in log_audit_trail
    audit_log = AuditLog(
                ^^^^^^^^^
  File "C:\Users\mshaf\OneDrive\Desktop\sisl\sisl_crm\venv\Lib\site-packages\django\db\models\base.py", line 543, in __init__
    _setattr(self, field.name, rel_obj)
  File "C:\Users\mshaf\OneDrive\Desktop\sisl\sisl_crm\venv\Lib\site-packages\django\db\models\fields\related_descriptors.py", line 266, in __set__
    raise ValueError(
ValueError: Cannot assign "<WSGIRequest: POST '/contacts/create/'>": "AuditLog.changed_by" must be a "User" instance.
ERROR 2025-09-07 12:50:37,792 basehttp 14764 16456 "POST /contacts/create/ HTTP/1.1" 500 114986
INFO 2025-09-07 12:53:53,426 autoreload 14764 2276 C:\Users\mshaf\OneDrive\Desktop\sisl\sisl_crm\crm\apps.py changed, reloading.
INFO 2025-09-07 12:53:56,135 autoreload 3600 10268 Watching for file changes with StatReloader
INFO 2025-09-07 12:54:05,204 basehttp 3600 16792 "GET /contacts/create/ HTTP/1.1" 200 23537
ERROR 2025-09-07 12:54:07,470 log 3600 2944 Internal Server Error: /contacts/create/
Traceback (most recent call last):
  File "C:\Users\mshaf\OneDrive\Desktop\sisl\sisl_crm\venv\Lib\site-packages\django\core\handlers\exception.py", line 55, in inner
    response = get_response(request)
               ^^^^^^^^^^^^^^^^^^^^^
  File "C:\Users\mshaf\OneDrive\Desktop\sisl\sisl_crm\venv\Lib\site-packages\django\core\handlers\base.py", line 197, in _get_response
    response = wrapped_callback(request, *callback_args, **callback_kwargs)
               ^^^^^^^^^^^^^^^^^^^^^^^^^^^^^^^^^^^^^^^^^^^^^^^^^^^^^^^^^^^^
  File "C:\Users\mshaf\OneDrive\Desktop\sisl\sisl_crm\venv\Lib\site-packages\django\views\generic\base.py", line 104, in view
    return self.dispatch(request, *args, **kwargs)
           ^^^^^^^^^^^^^^^^^^^^^^^^^^^^^^^^^^^^^^^
  File "C:\Users\mshaf\OneDrive\Desktop\sisl\sisl_crm\venv\Lib\site-packages\django\contrib\auth\mixins.py", line 73, in dispatch
    return super().dispatch(request, *args, **kwargs)
           ^^^^^^^^^^^^^^^^^^^^^^^^^^^^^^^^^^^^^^^^^^
  File "C:\Users\mshaf\OneDrive\Desktop\sisl\sisl_crm\venv\Lib\site-packages\django\views\generic\base.py", line 143, in dispatch
    return handler(request, *args, **kwargs)
           ^^^^^^^^^^^^^^^^^^^^^^^^^^^^^^^^^
  File "C:\Users\mshaf\OneDrive\Desktop\sisl\sisl_crm\venv\Lib\site-packages\django\views\generic\edit.py", line 184, in post
    return super().post(request, *args, **kwargs)
           ^^^^^^^^^^^^^^^^^^^^^^^^^^^^^^^^^^^^^^
  File "C:\Users\mshaf\OneDrive\Desktop\sisl\sisl_crm\venv\Lib\site-packages\django\views\generic\edit.py", line 153, in post
    return self.form_valid(form)
           ^^^^^^^^^^^^^^^^^^^^^
  File "C:\Users\mshaf\OneDrive\Desktop\sisl\sisl_crm\crm\views.py", line 221, in form_valid
    log_audit_trail(
  File "C:\Users\mshaf\OneDrive\Desktop\sisl\sisl_crm\crm\utils.py", line 16, in log_audit_trail
    audit_log = AuditLog(
                ^^^^^^^^^
  File "C:\Users\mshaf\OneDrive\Desktop\sisl\sisl_crm\venv\Lib\site-packages\django\db\models\base.py", line 543, in __init__
    _setattr(self, field.name, rel_obj)
  File "C:\Users\mshaf\OneDrive\Desktop\sisl\sisl_crm\venv\Lib\site-packages\django\db\models\fields\related_descriptors.py", line 266, in __set__
    raise ValueError(
ValueError: Cannot assign "<WSGIRequest: POST '/contacts/create/'>": "AuditLog.changed_by" must be a "User" instance.
ERROR 2025-09-07 12:54:07,487 basehttp 3600 2944 "POST /contacts/create/ HTTP/1.1" 500 115026
INFO 2025-09-07 12:54:33,102 autoreload 3600 10268 C:\Users\mshaf\OneDrive\Desktop\sisl\sisl_crm\crm\utils.py changed, reloading.
INFO 2025-09-07 12:54:35,957 autoreload 2436 6976 Watching for file changes with StatReloader
INFO 2025-09-07 12:54:49,994 autoreload 2436 6976 C:\Users\mshaf\OneDrive\Desktop\sisl\sisl_crm\crm\views.py changed, reloading.
INFO 2025-09-07 12:54:52,336 autoreload 1136 3208 Watching for file changes with StatReloader
INFO 2025-09-07 12:55:03,029 basehttp 1136 5080 "GET /contacts/create/ HTTP/1.1" 200 23818
INFO 2025-09-07 12:55:13,268 basehttp 1136 5080 "GET /contacts/ HTTP/1.1" 200 14830
INFO 2025-09-07 12:55:20,563 basehttp 1136 5080 "GET /leads/create/?contact=676150e6-4721-41dd-9a88-abb994cc4f58 HTTP/1.1" 200 32089
INFO 2025-09-07 12:55:45,299 basehttp 1136 5080 "GET /contacts/676150e6-4721-41dd-9a88-abb994cc4f58/edit/ HTTP/1.1" 200 23377
INFO 2025-09-07 12:56:09,045 basehttp 1136 5080 "POST /api/contacts/check-duplicate/ HTTP/1.1" 200 18
INFO 2025-09-07 12:56:26,025 basehttp 1136 5080 "POST /contacts/676150e6-4721-41dd-9a88-abb994cc4f58/edit/ HTTP/1.1" 302 0
INFO 2025-09-07 12:56:26,107 basehttp 1136 5080 "GET /contacts/676150e6-4721-41dd-9a88-abb994cc4f58/ HTTP/1.1" 200 0
INFO 2025-09-07 12:56:34,803 basehttp 1136 5080 "GET /contacts/ HTTP/1.1" 200 15155
INFO 2025-09-07 12:56:56,548 basehttp 1136 5080 "GET /companies/ HTTP/1.1" 200 0
INFO 2025-09-07 12:57:04,834 basehttp 1136 5080 "GET / HTTP/1.1" 200 16361
INFO 2025-09-07 12:57:17,670 basehttp 1136 5080 "GET /activities/ HTTP/1.1" 200 0
INFO 2025-09-07 12:57:22,497 basehttp 1136 5080 "GET /products/ HTTP/1.1" 200 14117
INFO 2025-09-07 12:57:29,297 manager_api 1136 5080 === FETCHING ALL INVENTORY ITEMS FROM MANAGER.IO ===
INFO 2025-09-07 12:57:29,299 manager_api 1136 5080 Fetching page: skip=0, pageSize=100
INFO 2025-09-07 12:57:29,300 manager_api 1136 5080 Making GET request to: https://esourcingbd.ap-southeast-1.manager.io/api2/inventory-items
INFO 2025-09-07 12:57:29,765 manager_api 1136 5080 Response status: 401
ERROR 2025-09-07 12:57:29,766 manager_api 1136 5080 401 Unauthorized - Check your Manager.io API key
ERROR 2025-09-07 12:57:29,766 manager_api 1136 5080 Error fetching inventory items: Manager.io API authentication failed
ERROR 2025-09-07 12:57:29,767 manager_api 1136 5080 Sync failed: Manager.io API authentication failed
INFO 2025-09-07 12:57:29,798 basehttp 1136 5080 "POST /products/sync-mitsubishi/ HTTP/1.1" 302 0
INFO 2025-09-07 12:57:29,876 basehttp 1136 5080 "GET /products/ HTTP/1.1" 200 14738
INFO 2025-09-07 12:57:37,158 basehttp 1136 5080 "GET /products/create/ HTTP/1.1" 200 0
INFO 2025-09-07 12:57:45,711 basehttp 1136 5080 "GET /leads/ HTTP/1.1" 200 12338
INFO 2025-09-07 12:57:48,908 basehttp 1136 5080 "GET /leads/pipeline/ HTTP/1.1" 200 0
INFO 2025-09-07 12:57:52,894 basehttp 1136 5080 "GET /leads/create/ HTTP/1.1" 200 32086
INFO 2025-09-07 12:58:27,614 basehttp 1136 5080 "GET /activities/ HTTP/1.1" 200 0
ERROR 2025-09-07 12:58:32,205 log 1136 5080 Internal Server Error: /stakeholders/
Traceback (most recent call last):
  File "C:\Users\mshaf\OneDrive\Desktop\sisl\sisl_crm\venv\Lib\site-packages\django\core\handlers\exception.py", line 55, in inner
    response = get_response(request)
               ^^^^^^^^^^^^^^^^^^^^^
  File "C:\Users\mshaf\OneDrive\Desktop\sisl\sisl_crm\venv\Lib\site-packages\django\core\handlers\base.py", line 197, in _get_response
    response = wrapped_callback(request, *callback_args, **callback_kwargs)
               ^^^^^^^^^^^^^^^^^^^^^^^^^^^^^^^^^^^^^^^^^^^^^^^^^^^^^^^^^^^^
  File "C:\Users\mshaf\OneDrive\Desktop\sisl\sisl_crm\venv\Lib\site-packages\django\views\generic\base.py", line 104, in view
    return self.dispatch(request, *args, **kwargs)
           ^^^^^^^^^^^^^^^^^^^^^^^^^^^^^^^^^^^^^^^
  File "C:\Users\mshaf\OneDrive\Desktop\sisl\sisl_crm\venv\Lib\site-packages\django\contrib\auth\mixins.py", line 73, in dispatch
    return super().dispatch(request, *args, **kwargs)
           ^^^^^^^^^^^^^^^^^^^^^^^^^^^^^^^^^^^^^^^^^^
  File "C:\Users\mshaf\OneDrive\Desktop\sisl\sisl_crm\venv\Lib\site-packages\django\views\generic\base.py", line 143, in dispatch
    return handler(request, *args, **kwargs)
           ^^^^^^^^^^^^^^^^^^^^^^^^^^^^^^^^^
  File "C:\Users\mshaf\OneDrive\Desktop\sisl\sisl_crm\venv\Lib\site-packages\django\views\generic\list.py", line 174, in get
    context = self.get_context_data()
              ^^^^^^^^^^^^^^^^^^^^^^^
  File "C:\Users\mshaf\OneDrive\Desktop\sisl\sisl_crm\crm\views.py", line 1005, in get_context_data
    context['stakeholder_types'] = StakeholderType.objects.filter(is_active=True)
                                   ^^^^^^^^^^^^^^^
NameError: name 'StakeholderType' is not defined
ERROR 2025-09-07 12:58:32,211 basehttp 1136 5080 "GET /stakeholders/ HTTP/1.1" 500 91819
ERROR 2025-09-07 12:58:56,528 log 1136 5080 Internal Server Error: /stakeholders/
Traceback (most recent call last):
  File "C:\Users\mshaf\OneDrive\Desktop\sisl\sisl_crm\venv\Lib\site-packages\django\core\handlers\exception.py", line 55, in inner
    response = get_response(request)
               ^^^^^^^^^^^^^^^^^^^^^
  File "C:\Users\mshaf\OneDrive\Desktop\sisl\sisl_crm\venv\Lib\site-packages\django\core\handlers\base.py", line 197, in _get_response
    response = wrapped_callback(request, *callback_args, **callback_kwargs)
               ^^^^^^^^^^^^^^^^^^^^^^^^^^^^^^^^^^^^^^^^^^^^^^^^^^^^^^^^^^^^
  File "C:\Users\mshaf\OneDrive\Desktop\sisl\sisl_crm\venv\Lib\site-packages\django\views\generic\base.py", line 104, in view
    return self.dispatch(request, *args, **kwargs)
           ^^^^^^^^^^^^^^^^^^^^^^^^^^^^^^^^^^^^^^^
  File "C:\Users\mshaf\OneDrive\Desktop\sisl\sisl_crm\venv\Lib\site-packages\django\contrib\auth\mixins.py", line 73, in dispatch
    return super().dispatch(request, *args, **kwargs)
           ^^^^^^^^^^^^^^^^^^^^^^^^^^^^^^^^^^^^^^^^^^
  File "C:\Users\mshaf\OneDrive\Desktop\sisl\sisl_crm\venv\Lib\site-packages\django\views\generic\base.py", line 143, in dispatch
    return handler(request, *args, **kwargs)
           ^^^^^^^^^^^^^^^^^^^^^^^^^^^^^^^^^
  File "C:\Users\mshaf\OneDrive\Desktop\sisl\sisl_crm\venv\Lib\site-packages\django\views\generic\list.py", line 174, in get
    context = self.get_context_data()
              ^^^^^^^^^^^^^^^^^^^^^^^
  File "C:\Users\mshaf\OneDrive\Desktop\sisl\sisl_crm\crm\views.py", line 1005, in get_context_data
    context['stakeholder_types'] = StakeholderType.objects.filter(is_active=True)
                                   ^^^^^^^^^^^^^^^
NameError: name 'StakeholderType' is not defined
ERROR 2025-09-07 12:58:56,533 basehttp 1136 5080 "GET /stakeholders/ HTTP/1.1" 500 91819
INFO 2025-09-07 12:59:07,040 basehttp 1136 5080 "GET /companies/ HTTP/1.1" 200 0
INFO 2025-09-07 12:59:11,082 basehttp 1136 5080 "GET /admin/crm/company/ HTTP/1.1" 200 17361
INFO 2025-09-07 12:59:11,188 basehttp 1136 5080 "GET /admin/jsi18n/ HTTP/1.1" 200 3343
INFO 2025-09-07 12:59:15,135 basehttp 1136 5080 "GET /admin/crm/activity/ HTTP/1.1" 200 15200
INFO 2025-09-07 12:59:15,228 basehttp 1136 5080 "GET /admin/jsi18n/ HTTP/1.1" 200 3343
INFO 2025-09-07 12:59:19,888 basehttp 1136 5080 "GET /admin/crm/activity/add/ HTTP/1.1" 200 31636
INFO 2025-09-07 12:59:20,047 basehttp 1136 5080 "GET /admin/jsi18n/ HTTP/1.1" 200 3343
INFO 2025-09-07 12:59:20,310 basehttp 1136 5748 "GET /static/admin/img/icon-clock.svg HTTP/1.1" 200 677
INFO 2025-09-07 12:59:20,311 basehttp 1136 5080 "GET /static/admin/img/icon-calendar.svg HTTP/1.1" 200 1086
INFO 2025-09-07 12:59:34,878 basehttp 1136 5080 "GET /admin/crm/industry/ HTTP/1.1" 200 15302
INFO 2025-09-07 12:59:34,983 basehttp 1136 5080 "GET /admin/jsi18n/ HTTP/1.1" 200 3343
INFO 2025-09-07 12:59:44,387 basehttp 1136 5080 "GET /admin/crm/leadsource/ HTTP/1.1" 200 12896
INFO 2025-09-07 12:59:44,491 basehttp 1136 5080 "GET /admin/jsi18n/ HTTP/1.1" 200 3343
INFO 2025-09-07 12:59:46,670 basehttp 1136 5080 "GET /admin/crm/leadsource/add/ HTTP/1.1" 200 14083
INFO 2025-09-07 12:59:46,777 basehttp 1136 5080 "GET /admin/jsi18n/ HTTP/1.1" 200 3343
INFO 2025-09-07 12:59:49,925 basehttp 1136 5080 "GET /admin/crm/lead/ HTTP/1.1" 200 14880
INFO 2025-09-07 12:59:50,031 basehttp 1136 5080 "GET /admin/jsi18n/ HTTP/1.1" 200 3343
INFO 2025-09-07 13:00:01,537 basehttp 1136 5080 "GET /admin/crm/productcategory/ HTTP/1.1" 200 13355
INFO 2025-09-07 13:00:01,648 basehttp 1136 5080 "GET /admin/jsi18n/ HTTP/1.1" 200 3343
INFO 2025-09-07 13:00:04,977 basehttp 1136 5080 "GET /admin/crm/productcategory/add/ HTTP/1.1" 200 16666
INFO 2025-09-07 13:00:05,076 basehttp 1136 5080 "GET /admin/jsi18n/ HTTP/1.1" 200 3343
INFO 2025-09-07 13:00:12,575 basehttp 1136 5080 "GET /admin/crm/stakeholdertype/ HTTP/1.1" 200 12931
INFO 2025-09-07 13:00:12,663 basehttp 1136 5080 "GET /admin/jsi18n/ HTTP/1.1" 200 3343
INFO 2025-09-07 13:00:14,482 basehttp 1136 5080 "GET /admin/crm/stakeholdertype/add/ HTTP/1.1" 200 14760
INFO 2025-09-07 13:00:14,591 basehttp 1136 5080 "GET /admin/jsi18n/ HTTP/1.1" 200 3343
INFO 2025-09-07 13:00:18,813 basehttp 1136 5080 "GET /admin/crm/stakeholder/ HTTP/1.1" 200 13252
INFO 2025-09-07 13:00:18,911 basehttp 1136 5080 "GET /admin/jsi18n/ HTTP/1.1" 200 3343
INFO 2025-09-07 13:00:20,874 basehttp 1136 5080 "GET /admin/crm/stakeholder/add/ HTTP/1.1" 200 27728
INFO 2025-09-07 13:00:20,983 basehttp 1136 5080 "GET /admin/jsi18n/ HTTP/1.1" 200 3343
INFO 2025-09-07 13:00:23,029 basehttp 1136 5080 "GET /admin/autocomplete/?app_label=crm&model_name=stakeholder&field_name=contact HTTP/1.1" 200 203
INFO 2025-09-07 13:00:25,563 basehttp 1136 5080 "GET /admin/autocomplete/?app_label=crm&model_name=stakeholder&field_name=company HTTP/1.1" 200 170
INFO 2025-09-07 13:00:27,538 basehttp 1136 5080 "GET /admin/autocomplete/?app_label=crm&model_name=stakeholder&field_name=stakeholder_type HTTP/1.1" 200 46
INFO 2025-09-07 13:00:35,552 basehttp 1136 5080 "GET /admin/autocomplete/?app_label=crm&model_name=stakeholder&field_name=zone HTTP/1.1" 200 121
INFO 2025-09-07 13:01:04,589 basehttp 1136 5080 "GET /admin/crm/zone/ HTTP/1.1" 200 15234
INFO 2025-09-07 13:01:04,730 basehttp 1136 5080 "GET /admin/jsi18n/ HTTP/1.1" 200 3343
INFO 2025-09-07 13:01:28,032 basehttp 1136 15580 "GET /admin/ HTTP/1.1" 200 15818
INFO 2025-09-07 13:01:33,536 basehttp 1136 15580 "GET /admin/crm/auditlog/ HTTP/1.1" 200 16195
INFO 2025-09-07 13:01:44,872 basehttp 1136 15580 "GET /admin/crm/auditlog/cc741253-ea4d-4cae-bb59-02f87c41020b/change/ HTTP/1.1" 200 18527
INFO 2025-09-07 13:01:44,966 basehttp 1136 15580 "GET /admin/jsi18n/ HTTP/1.1" 200 3343
INFO 2025-09-07 13:02:02,670 basehttp 1136 15580 "GET /admin/crm/auditlog/ HTTP/1.1" 200 16195
